<?xml version="1.0" encoding="UTF-8"?>
<testsuite name="MyArrayListTest" tests="17" skipped="0" failures="0" errors="0" timestamp="2020-10-03T20:17:32" hostname="csmachine" time="0.013">
  <properties/>
  <testcase name="testToArray" classname="MyArrayListTest" time="0.002"/>
  <testcase name="testAdd" classname="MyArrayListTest" time="0.0"/>
  <testcase name="testGet" classname="MyArrayListTest" time="0.0"/>
  <testcase name="testSet" classname="MyArrayListTest" time="0.0"/>
  <testcase name="testLastIndexOf" classname="MyArrayListTest" time="0.0"/>
  <testcase name="testListIterator" classname="MyArrayListTest" time="0.001"/>
  <testcase name="testRetainAll" classname="MyArrayListTest" time="0.001"/>
  <testcase name="testAddAllByIndex" classname="MyArrayListTest" time="0.0"/>
  <testcase name="testContains" classname="MyArrayListTest" time="0.0"/>
  <testcase name="testTestEquals" classname="MyArrayListTest" time="0.0"/>
  <testcase name="testAddAll" classname="MyArrayListTest" time="0.0"/>
  <testcase name="testPosAdd" classname="MyArrayListTest" time="0.0"/>
  <testcase name="testRemove" classname="MyArrayListTest" time="0.0"/>
  <testcase name="testTestHashCode" classname="MyArrayListTest" time="0.0"/>
  <testcase name="testRemoveAll" classname="MyArrayListTest" time="0.0"/>
  <testcase name="testToArrayWithParam" classname="MyArrayListTest" time="0.0"/>
  <testcase name="testSubList" classname="MyArrayListTest" time="0.0"/>
  <system-out><![CDATA[]]></system-out>
  <system-err><![CDATA[]]></system-err>
</testsuite>
